<?xml version="1.0" encoding="UTF-8"?>
<!-- Generated by org.testng.reporters.JUnitXMLReporter -->
<testsuite hostname="DESKTOP-M0RCAUK" ignored="0" name="Default test" tests="9" failures="0" timestamp="23 Jul 2021 14:27:31 GMT" time="95.452" errors="0">
  <testcase name="test" time="1.415" classname="tests.DataDrivenTesting"/>
  <testcase name="test" time="2.328" classname="tests.DataDrivenTesting"/>
  <testcase name="test" time="1.433" classname="tests.DataDrivenTesting"/>
  <testcase name="test" time="1.398" classname="tests.DataDrivenTesting"/>
  <testcase name="test" time="1.465" classname="tests.DataDrivenTesting"/>
  <testcase name="test" time="1.162" classname="tests.DataDrivenTesting"/>
  <testcase name="test" time="1.328" classname="tests.DataDrivenTesting"/>
  <testcase name="test" time="1.673" classname="tests.DataDrivenTesting"/>
  <testcase name="test" time="1.565" classname="tests.DataDrivenTesting"/>
</testsuite> <!-- Default test -->
