<?xml version="1.0" encoding="UTF-8"?>
<testng-results skipped="0" failed="0" ignored="0" total="9" passed="9">
  <reporter-output>
  </reporter-output>
  <suite name="Default suite" duration-ms="95452" started-at="2021-07-23T14:25:55Z" finished-at="2021-07-23T14:27:31Z">
    <groups>
    </groups>
    <test name="Default test" duration-ms="95452" started-at="2021-07-23T14:25:55Z" finished-at="2021-07-23T14:27:31Z">
      <class name="tests.DataDrivenTesting">
        <test-method status="PASS" signature="beforeMethod()[pri:0, instance:tests.DataDrivenTesting@5bc79255]" name="beforeMethod" is-config="true" duration-ms="5040" started-at="2021-07-23T14:25:55Z" finished-at="2021-07-23T14:26:00Z">
          <reporter-output>
          </reporter-output>
        </test-method> <!-- beforeMethod -->
        <test-method status="PASS" signature="test(java.lang.String, java.lang.String)[pri:0, instance:tests.DataDrivenTesting@5bc79255]" name="test" duration-ms="1415" started-at="2021-07-23T14:26:00Z" data-provider="inputData" finished-at="2021-07-23T14:26:02Z">
          <params>
            <param index="0">
              <value>
                <![CDATA[eagles@tekschool.us]]>
              </value>
            </param>
            <param index="1">
              <value>
                <![CDATA[eagles]]>
              </value>
            </param>
          </params>
          <reporter-output>
          </reporter-output>
        </test-method> <!-- test -->
        <test-method status="PASS" signature="afterMethod()[pri:0, instance:tests.DataDrivenTesting@5bc79255]" name="afterMethod" is-config="true" duration-ms="640" started-at="2021-07-23T14:26:02Z" finished-at="2021-07-23T14:26:03Z">
          <reporter-output>
          </reporter-output>
        </test-method> <!-- afterMethod -->
        <test-method status="PASS" signature="beforeMethod()[pri:0, instance:tests.DataDrivenTesting@5bc79255]" name="beforeMethod" is-config="true" duration-ms="26818" started-at="2021-07-23T14:26:03Z" finished-at="2021-07-23T14:26:29Z">
          <reporter-output>
          </reporter-output>
        </test-method> <!-- beforeMethod -->
        <test-method status="PASS" signature="test(java.lang.String, java.lang.String)[pri:0, instance:tests.DataDrivenTesting@5bc79255]" name="test" duration-ms="2328" started-at="2021-07-23T14:26:29Z" data-provider="inputData" finished-at="2021-07-23T14:26:32Z">
          <params>
            <param index="0">
              <value>
                <![CDATA[eagles@tekschool.us]]>
              </value>
            </param>
            <param index="1">
              <value>
                <![CDATA[eagles]]>
              </value>
            </param>
          </params>
          <reporter-output>
          </reporter-output>
        </test-method> <!-- test -->
        <test-method status="PASS" signature="afterMethod()[pri:0, instance:tests.DataDrivenTesting@5bc79255]" name="afterMethod" is-config="true" duration-ms="631" started-at="2021-07-23T14:26:32Z" finished-at="2021-07-23T14:26:32Z">
          <reporter-output>
          </reporter-output>
        </test-method> <!-- afterMethod -->
        <test-method status="PASS" signature="beforeMethod()[pri:0, instance:tests.DataDrivenTesting@5bc79255]" name="beforeMethod" is-config="true" duration-ms="4523" started-at="2021-07-23T14:26:32Z" finished-at="2021-07-23T14:26:37Z">
          <reporter-output>
          </reporter-output>
        </test-method> <!-- beforeMethod -->
        <test-method status="PASS" signature="test(java.lang.String, java.lang.String)[pri:0, instance:tests.DataDrivenTesting@5bc79255]" name="test" duration-ms="1433" started-at="2021-07-23T14:26:37Z" data-provider="inputData" finished-at="2021-07-23T14:26:38Z">
          <params>
            <param index="0">
              <value>
                <![CDATA[eagles@tekschool.us]]>
              </value>
            </param>
            <param index="1">
              <value>
                <![CDATA[eagles]]>
              </value>
            </param>
          </params>
          <reporter-output>
          </reporter-output>
        </test-method> <!-- test -->
        <test-method status="PASS" signature="afterMethod()[pri:0, instance:tests.DataDrivenTesting@5bc79255]" name="afterMethod" is-config="true" duration-ms="630" started-at="2021-07-23T14:26:38Z" finished-at="2021-07-23T14:26:39Z">
          <reporter-output>
          </reporter-output>
        </test-method> <!-- afterMethod -->
        <test-method status="PASS" signature="beforeMethod()[pri:0, instance:tests.DataDrivenTesting@5bc79255]" name="beforeMethod" is-config="true" duration-ms="5097" started-at="2021-07-23T14:26:39Z" finished-at="2021-07-23T14:26:44Z">
          <reporter-output>
          </reporter-output>
        </test-method> <!-- beforeMethod -->
        <test-method status="PASS" signature="test(java.lang.String, java.lang.String)[pri:0, instance:tests.DataDrivenTesting@5bc79255]" name="test" duration-ms="1398" started-at="2021-07-23T14:26:44Z" data-provider="inputData" finished-at="2021-07-23T14:26:45Z">
          <params>
            <param index="0">
              <value>
                <![CDATA[eagles@tekschool.us]]>
              </value>
            </param>
            <param index="1">
              <value>
                <![CDATA[eagles]]>
              </value>
            </param>
          </params>
          <reporter-output>
          </reporter-output>
        </test-method> <!-- test -->
        <test-method status="PASS" signature="afterMethod()[pri:0, instance:tests.DataDrivenTesting@5bc79255]" name="afterMethod" is-config="true" duration-ms="633" started-at="2021-07-23T14:26:45Z" finished-at="2021-07-23T14:26:46Z">
          <reporter-output>
          </reporter-output>
        </test-method> <!-- afterMethod -->
        <test-method status="PASS" signature="beforeMethod()[pri:0, instance:tests.DataDrivenTesting@5bc79255]" name="beforeMethod" is-config="true" duration-ms="6593" started-at="2021-07-23T14:26:46Z" finished-at="2021-07-23T14:26:53Z">
          <reporter-output>
          </reporter-output>
        </test-method> <!-- beforeMethod -->
        <test-method status="PASS" signature="test(java.lang.String, java.lang.String)[pri:0, instance:tests.DataDrivenTesting@5bc79255]" name="test" duration-ms="1465" started-at="2021-07-23T14:26:53Z" data-provider="inputData" finished-at="2021-07-23T14:26:54Z">
          <params>
            <param index="0">
              <value>
                <![CDATA[eagles@tekschool.us]]>
              </value>
            </param>
            <param index="1">
              <value>
                <![CDATA[eagles]]>
              </value>
            </param>
          </params>
          <reporter-output>
          </reporter-output>
        </test-method> <!-- test -->
        <test-method status="PASS" signature="afterMethod()[pri:0, instance:tests.DataDrivenTesting@5bc79255]" name="afterMethod" is-config="true" duration-ms="625" started-at="2021-07-23T14:26:54Z" finished-at="2021-07-23T14:26:55Z">
          <reporter-output>
          </reporter-output>
        </test-method> <!-- afterMethod -->
        <test-method status="PASS" signature="beforeMethod()[pri:0, instance:tests.DataDrivenTesting@5bc79255]" name="beforeMethod" is-config="true" duration-ms="5568" started-at="2021-07-23T14:26:55Z" finished-at="2021-07-23T14:27:00Z">
          <reporter-output>
          </reporter-output>
        </test-method> <!-- beforeMethod -->
        <test-method status="PASS" signature="test(java.lang.String, java.lang.String)[pri:0, instance:tests.DataDrivenTesting@5bc79255]" name="test" duration-ms="1162" started-at="2021-07-23T14:27:00Z" data-provider="inputData" finished-at="2021-07-23T14:27:01Z">
          <params>
            <param index="0">
              <value>
                <![CDATA[eagles@tekschool.us]]>
              </value>
            </param>
            <param index="1">
              <value>
                <![CDATA[eagles]]>
              </value>
            </param>
          </params>
          <reporter-output>
          </reporter-output>
        </test-method> <!-- test -->
        <test-method status="PASS" signature="afterMethod()[pri:0, instance:tests.DataDrivenTesting@5bc79255]" name="afterMethod" is-config="true" duration-ms="4726" started-at="2021-07-23T14:27:01Z" finished-at="2021-07-23T14:27:06Z">
          <reporter-output>
          </reporter-output>
        </test-method> <!-- afterMethod -->
        <test-method status="PASS" signature="beforeMethod()[pri:0, instance:tests.DataDrivenTesting@5bc79255]" name="beforeMethod" is-config="true" duration-ms="5226" started-at="2021-07-23T14:27:06Z" finished-at="2021-07-23T14:27:11Z">
          <reporter-output>
          </reporter-output>
        </test-method> <!-- beforeMethod -->
        <test-method status="PASS" signature="test(java.lang.String, java.lang.String)[pri:0, instance:tests.DataDrivenTesting@5bc79255]" name="test" duration-ms="1328" started-at="2021-07-23T14:27:11Z" data-provider="inputData" finished-at="2021-07-23T14:27:13Z">
          <params>
            <param index="0">
              <value>
                <![CDATA[eagles@tekschool.us]]>
              </value>
            </param>
            <param index="1">
              <value>
                <![CDATA[eagles]]>
              </value>
            </param>
          </params>
          <reporter-output>
          </reporter-output>
        </test-method> <!-- test -->
        <test-method status="PASS" signature="afterMethod()[pri:0, instance:tests.DataDrivenTesting@5bc79255]" name="afterMethod" is-config="true" duration-ms="633" started-at="2021-07-23T14:27:13Z" finished-at="2021-07-23T14:27:13Z">
          <reporter-output>
          </reporter-output>
        </test-method> <!-- afterMethod -->
        <test-method status="PASS" signature="beforeMethod()[pri:0, instance:tests.DataDrivenTesting@5bc79255]" name="beforeMethod" is-config="true" duration-ms="6382" started-at="2021-07-23T14:27:13Z" finished-at="2021-07-23T14:27:20Z">
          <reporter-output>
          </reporter-output>
        </test-method> <!-- beforeMethod -->
        <test-method status="PASS" signature="test(java.lang.String, java.lang.String)[pri:0, instance:tests.DataDrivenTesting@5bc79255]" name="test" duration-ms="1673" started-at="2021-07-23T14:27:20Z" data-provider="inputData" finished-at="2021-07-23T14:27:21Z">
          <params>
            <param index="0">
              <value>
                <![CDATA[eagles@tekschool.us]]>
              </value>
            </param>
            <param index="1">
              <value>
                <![CDATA[eagles]]>
              </value>
            </param>
          </params>
          <reporter-output>
          </reporter-output>
        </test-method> <!-- test -->
        <test-method status="PASS" signature="afterMethod()[pri:0, instance:tests.DataDrivenTesting@5bc79255]" name="afterMethod" is-config="true" duration-ms="623" started-at="2021-07-23T14:27:21Z" finished-at="2021-07-23T14:27:22Z">
          <reporter-output>
          </reporter-output>
        </test-method> <!-- afterMethod -->
        <test-method status="PASS" signature="beforeMethod()[pri:0, instance:tests.DataDrivenTesting@5bc79255]" name="beforeMethod" is-config="true" duration-ms="6310" started-at="2021-07-23T14:27:22Z" finished-at="2021-07-23T14:27:28Z">
          <reporter-output>
          </reporter-output>
        </test-method> <!-- beforeMethod -->
        <test-method status="PASS" signature="test(java.lang.String, java.lang.String)[pri:0, instance:tests.DataDrivenTesting@5bc79255]" name="test" duration-ms="1565" started-at="2021-07-23T14:27:28Z" data-provider="inputData" finished-at="2021-07-23T14:27:30Z">
          <params>
            <param index="0">
              <value>
                <![CDATA[eagles@tekschool.us]]>
              </value>
            </param>
            <param index="1">
              <value>
                <![CDATA[eagles]]>
              </value>
            </param>
          </params>
          <reporter-output>
          </reporter-output>
        </test-method> <!-- test -->
        <test-method status="PASS" signature="afterMethod()[pri:0, instance:tests.DataDrivenTesting@5bc79255]" name="afterMethod" is-config="true" duration-ms="623" started-at="2021-07-23T14:27:30Z" finished-at="2021-07-23T14:27:31Z">
          <reporter-output>
          </reporter-output>
        </test-method> <!-- afterMethod -->
      </class> <!-- tests.DataDrivenTesting -->
    </test> <!-- Default test -->
  </suite> <!-- Default suite -->
</testng-results>
